This is pdfTeX, Version 3.141592653-2.6-1.40.24 (MiKTeX 22.1) (preloaded format=pdflatex 2023.11.13)  27 MAY 2024 20:28
entering extended mode
 restricted \write18 enabled.
 file:line:error style messages enabled.
 %&-line parsing enabled.
**/Users/diogoribeiro/work_code/personal/international_logistics_performance/LaTeX-Template/Abstract_ICMASC.tex
(/Users/diogoribeiro/work_code/personal/international_logistics_performance/LaTeX-Template/Abstract_ICMASC.tex
LaTeX2e <2023-06-01> patch level 1
L3 programming layer <2023-10-10>
(/Users/diogoribeiro/Library/Application Support/MiKTeX/texmfs/install/tex/latex/base/article.cls
Document Class: article 2023/05/17 v1.4n Standard LaTeX document class
(/Users/diogoribeiro/Library/Application Support/MiKTeX/texmfs/install/tex/latex/base/size11.clo
File: size11.clo 2023/05/17 v1.4n Standard LaTeX file (size option)
)
\c@part=\count185
\c@section=\count186
\c@subsection=\count187
\c@subsubsection=\count188
\c@paragraph=\count189
\c@subparagraph=\count190
\c@figure=\count191
\c@table=\count192
\abovecaptionskip=\skip48
\belowcaptionskip=\skip49
\bibindent=\dimen140
) (icmaasc.sty
Package: icmaasc 
 (/Users/diogoribeiro/Library/Application Support/MiKTeX/texmfs/install/tex/latex/amsfonts/amssymb.sty
Package: amssymb 2013/01/14 v3.01 AMS font symbols
 (/Users/diogoribeiro/Library/Application Support/MiKTeX/texmfs/install/tex/latex/amsfonts/amsfonts.sty
Package: amsfonts 2013/01/14 v3.01 Basic AMSFonts support
\@emptytoks=\toks17
\symAMSa=\mathgroup4
\symAMSb=\mathgroup5
LaTeX Font Info:    Redeclaring math symbol \hbar on input line 98.
LaTeX Font Info:    Overwriting math alphabet `\mathfrak' in version `bold'
(Font)                  U/euf/m/n --> U/euf/b/n on input line 106.
)) (/Users/diogoribeiro/Library/Application Support/MiKTeX/texmfs/install/tex/latex/amsmath/amsmath.sty
Package: amsmath 2023/05/13 v2.17o AMS math features
\@mathmargin=\skip50

For additional information on amsmath, use the `?' option.
(/Users/diogoribeiro/Library/Application Support/MiKTeX/texmfs/install/tex/latex/amsmath/amstext.sty
Package: amstext 2021/08/26 v2.01 AMS text
 (/Users/diogoribeiro/Library/Application Support/MiKTeX/texmfs/install/tex/latex/amsmath/amsgen.sty
File: amsgen.sty 1999/11/30 v2.0 generic functions
\@emptytoks=\toks18
\ex@=\dimen141
)) (/Users/diogoribeiro/Library/Application Support/MiKTeX/texmfs/install/tex/latex/amsmath/amsbsy.sty
Package: amsbsy 1999/11/29 v1.2d Bold Symbols
\pmbraise@=\dimen142
) (/Users/diogoribeiro/Library/Application Support/MiKTeX/texmfs/install/tex/latex/amsmath/amsopn.sty
Package: amsopn 2022/04/08 v2.04 operator names
)
\inf@bad=\count193
LaTeX Info: Redefining \frac on input line 234.
\uproot@=\count194
\leftroot@=\count195
LaTeX Info: Redefining \overline on input line 399.
LaTeX Info: Redefining \colon on input line 410.
\classnum@=\count196
\DOTSCASE@=\count197
LaTeX Info: Redefining \ldots on input line 496.
LaTeX Info: Redefining \dots on input line 499.
LaTeX Info: Redefining \cdots on input line 620.
\Mathstrutbox@=\box51
\strutbox@=\box52
LaTeX Info: Redefining \big on input line 722.
LaTeX Info: Redefining \Big on input line 723.
LaTeX Info: Redefining \bigg on input line 724.
LaTeX Info: Redefining \Bigg on input line 725.
\big@size=\dimen143
LaTeX Font Info:    Redeclaring font encoding OML on input line 743.
LaTeX Font Info:    Redeclaring font encoding OMS on input line 744.
\macc@depth=\count198
LaTeX Info: Redefining \bmod on input line 905.
LaTeX Info: Redefining \pmod on input line 910.
LaTeX Info: Redefining \smash on input line 940.
LaTeX Info: Redefining \relbar on input line 970.
LaTeX Info: Redefining \Relbar on input line 971.
\c@MaxMatrixCols=\count199
\dotsspace@=\muskip16
\c@parentequation=\count266
\dspbrk@lvl=\count267
\tag@help=\toks19
\row@=\count268
\column@=\count269
\maxfields@=\count270
\andhelp@=\toks20
\eqnshift@=\dimen144
\alignsep@=\dimen145
\tagshift@=\dimen146
\tagwidth@=\dimen147
\totwidth@=\dimen148
\lineht@=\dimen149
\@envbody=\toks21
\multlinegap=\skip51
\multlinetaggap=\skip52
\mathdisplay@stack=\toks22
LaTeX Info: Redefining \[ on input line 2953.
LaTeX Info: Redefining \] on input line 2954.
) (/Users/diogoribeiro/Library/Application Support/MiKTeX/texmfs/install/tex/latex/graphics/graphicx.sty
Package: graphicx 2021/09/16 v1.2d Enhanced LaTeX Graphics (DPC,SPQR)
 (/Users/diogoribeiro/Library/Application Support/MiKTeX/texmfs/install/tex/latex/graphics/keyval.sty
Package: keyval 2022/05/29 v1.15 key=value parser (DPC)
\KV@toks@=\toks23
) (/Users/diogoribeiro/Library/Application Support/MiKTeX/texmfs/install/tex/latex/graphics/graphics.sty
Package: graphics 2022/03/10 v1.4e Standard LaTeX Graphics (DPC,SPQR)
 (/Users/diogoribeiro/Library/Application Support/MiKTeX/texmfs/install/tex/latex/graphics/trig.sty
Package: trig 2021/08/11 v1.11 sin cos tan (DPC)
) (/Users/diogoribeiro/Library/Application Support/MiKTeX/texmfs/install/tex/latex/graphics-cfg/graphics.cfg
File: graphics.cfg 2016/06/04 v1.11 sample graphics configuration
)
Package graphics Info: Driver file: dvips.def on input line 107.
 (/Users/diogoribeiro/Library/Application Support/MiKTeX/texmfs/install/tex/latex/graphics-def/dvips.def
File: dvips.def 2022/09/22 v3.1e Graphics/color driver for dvips
))
\Gin@req@height=\dimen150
\Gin@req@width=\dimen151
) (/Users/diogoribeiro/Library/Application Support/MiKTeX/texmfs/install/tex/latex/base/inputenc.sty
Package: inputenc 2021/02/14 v1.3d Input encoding file
\inpenc@prehook=\toks24
\inpenc@posthook=\toks25
 (/Users/diogoribeiro/Library/Application Support/MiKTeX/texmfs/install/tex/latex/base/latin1.def
File: latin1.def 2021/02/14 v1.3d Input encoding file
))
\c@theorem=\count271
\c@acknowledgement=\count272
\c@algorithm=\count273
\c@axiom=\count274
\c@case=\count275
\c@claim=\count276
\c@conclusion=\count277
\c@condition=\count278
\c@conjecture=\count279
\c@criterion=\count280
\c@definition=\count281
\c@example=\count282
\c@exercise=\count283
\c@notation=\count284
\c@problem=\count285
\c@remark=\count286
\c@solution=\count287
\c@summary=\count288
 (/Users/diogoribeiro/Library/Application Support/MiKTeX/texmfs/install/tex/latex/fancyhdr/fancyhdr.sty
Package: fancyhdr 2022/11/09 v4.1 Extensive control of page headers and footers
\f@nch@headwidth=\skip53
\f@nch@O@elh=\skip54
\f@nch@O@erh=\skip55
\f@nch@O@olh=\skip56
\f@nch@O@orh=\skip57
\f@nch@O@elf=\skip58
\f@nch@O@erf=\skip59
\f@nch@O@olf=\skip60
\f@nch@O@orf=\skip61
) (/Users/diogoribeiro/Library/Application Support/MiKTeX/texmfs/install/tex/latex/fancyhdr/fancyheadings.sty
Package: fancyheadings 2022/11/09 v4.1 Legacy package to call fancyhdr


Package fancyheadings Warning: Please stop using fancyheadings!
(fancyheadings)                Use fancyhdr instead.
(fancyheadings)                We will call fancyhdr with the very same
(fancyheadings)                options you passed to fancyheadings.
(fancyheadings)                
(fancyheadings)                fancyhdr is 99 percent compatible with
(fancyheadings)                fancyheadings. The only incompatibility is
(fancyheadings)                that \headrulewidth and \footrulewidth and
(fancyheadings)                their \plain... versions are no longer length
(fancyheadings)                parameters, but normal macros (to be changed
(fancyheadings)                with \renewcommand rather than \setlength)..

) (/Users/diogoribeiro/Library/Application Support/MiKTeX/texmfs/install/tex/latex/tools/calc.sty
Package: calc 2017/05/25 v4.3 Infix arithmetic (KKT,FJ)
\calc@Acount=\count289
\calc@Bcount=\count290
\calc@Adimen=\dimen152
\calc@Bdimen=\dimen153
\calc@Askip=\skip62
\calc@Bskip=\skip63
LaTeX Info: Redefining \setlength on input line 80.
LaTeX Info: Redefining \addtolength on input line 81.
\calc@Ccount=\count291
\calc@Cskip=\skip64
) (/Users/diogoribeiro/Library/Application Support/MiKTeX/texmfs/install/tex/latex/graphics/color.sty
Package: color 2022/01/06 v1.3d Standard LaTeX Color (DPC)
 (/Users/diogoribeiro/Library/Application Support/MiKTeX/texmfs/install/tex/latex/graphics-cfg/color.cfg
File: color.cfg 2016/01/02 v1.6 sample color configuration
)
Package color Info: Driver file: pdftex.def on input line 149.
 (/Users/diogoribeiro/Library/Application Support/MiKTeX/texmfs/install/tex/latex/graphics-def/pdftex.def
File: pdftex.def 2022/09/22 v1.2b Graphics/color driver for pdftex
) (/Users/diogoribeiro/Library/Application Support/MiKTeX/texmfs/install/tex/latex/graphics/mathcolor.ltx))) (/Users/diogoribeiro/Library/Application Support/MiKTeX/texmfs/install/tex/latex/l3backend/l3backend-pdftex.def
File: l3backend-pdftex.def 2023-10-10 L3 backend support: PDF output (pdfTeX)
\l__color_backend_stack_int=\count292
\l__pdf_internal_box=\box53
)
No file Abstract_ICMASC.aux.
\openout1 = `Abstract_ICMASC.aux'.

LaTeX Font Info:    Checking defaults for OML/cmm/m/it on input line 11.
LaTeX Font Info:    ... okay on input line 11.
LaTeX Font Info:    Checking defaults for OMS/cmsy/m/n on input line 11.
LaTeX Font Info:    ... okay on input line 11.
LaTeX Font Info:    Checking defaults for OT1/cmr/m/n on input line 11.
LaTeX Font Info:    ... okay on input line 11.
LaTeX Font Info:    Checking defaults for T1/cmr/m/n on input line 11.
LaTeX Font Info:    ... okay on input line 11.
LaTeX Font Info:    Checking defaults for TS1/cmr/m/n on input line 11.
LaTeX Font Info:    ... okay on input line 11.
LaTeX Font Info:    Checking defaults for OMX/cmex/m/n on input line 11.
LaTeX Font Info:    ... okay on input line 11.
LaTeX Font Info:    Checking defaults for U/cmr/m/n on input line 11.
LaTeX Font Info:    ... okay on input line 11.
(/Users/diogoribeiro/Library/Application Support/MiKTeX/texmfs/install/tex/context/base/mkii/supp-pdf.mkii
[Loading MPS to PDF converter (version 2006.09.02).]
\scratchcounter=\count293
\scratchdimen=\dimen154
\scratchbox=\box54
\nofMPsegments=\count294
\nofMParguments=\count295
\everyMPshowfont=\toks26
\MPscratchCnt=\count296
\MPscratchDim=\dimen155
\MPnumerator=\count297
\makeMPintoPDFobject=\count298
\everyMPtoPDFconversion=\toks27
) (/Users/diogoribeiro/Library/Application Support/MiKTeX/texmfs/install/tex/latex/epstopdf-pkg/epstopdf-base.sty
Package: epstopdf-base 2020-01-24 v2.11 Base part for package epstopdf
Package epstopdf-base Info: Redefining graphics rule for `.eps' on input line 485.
 (/Users/diogoribeiro/Library/Application Support/MiKTeX/texmfs/install/tex/latex/00miktex/epstopdf-sys.cfg
File: epstopdf-sys.cfg 2021/03/18 v2.0 Configuration of epstopdf for MiKTeX
))
LaTeX Font Info:    Trying to load font information for U+msa on input line 37.
 (/Users/diogoribeiro/Library/Application Support/MiKTeX/texmfs/install/tex/latex/amsfonts/umsa.fd
File: umsa.fd 2013/01/14 v3.01 AMS symbols A
)
LaTeX Font Info:    Trying to load font information for U+msb on input line 37.
 (/Users/diogoribeiro/Library/Application Support/MiKTeX/texmfs/install/tex/latex/amsfonts/umsb.fd
File: umsb.fd 2013/01/14 v3.01 AMS symbols B
)
Overfull \hbox (26.73105pt too wide) in paragraph at lines 37--37
[]\OT1/cmr/bx/n/12 International Con-fer-ence \OT1/cmr/bx/n/9 on \OT1/cmr/bx/n/12 M\OT1/cmr/bx/n/9 athematical \OT1/cmr/bx/n/12 A\OT1/cmr/bx/n/9 nalysis and \OT1/cmr/bx/n/12 A\OT1/cmr/bx/n/9 pplications in \OT1/cmr/bx/n/12 S\OT1/cmr/bx/n/9 cience and \OT1/cmr/bx/n/12 E\OT1/cmr/bx/n/9 ngineering
 []


Overfull \hbox (28.45276pt too wide) in paragraph at lines 37--37
[][][][]
 []

(Introduction.tex

LaTeX Warning: Citation `beysenbaev2020' on page 1 undefined on input line 2.


LaTeX Warning: Citation `wef2020' on page 1 undefined on input line 2.


LaTeX Warning: Citation `wef2018' on page 1 undefined on input line 2.


LaTeX Warning: Citation `unctad2020' on page 1 undefined on input line 2.


LaTeX Warning: Citation `babayigit2023' on page 1 undefined on input line 2.


LaTeX Warning: Citation `shepherd2023' on page 1 undefined on input line 2.


Introduction.tex:3: Package inputenc Error: Keyboard character used is undefined
(inputenc)                in inputencoding `latin1'.

See the inputenc package documentation for explanation.
Type  H <return>  for immediate help.
 ...                                              
                                                  
l.3 ...ent of measures like the World Bank^^e2^^80
                                                  ^^99s Logistics Performanc...
You need to provide a definition with \DeclareInputText 
or \DeclareInputMath before using this key.


Introduction.tex:3: Package inputenc Error: Keyboard character used is undefined
(inputenc)                in inputencoding `latin1'.

See the inputenc package documentation for explanation.
Type  H <return>  for immediate help.
 ...                                              
                                                  
l.3 ...of measures like the World Bank^^e2^^80^^99
                                                  s Logistics Performance In...
You need to provide a definition with \DeclareInputText 
or \DeclareInputMath before using this key.


LaTeX Warning: Citation `WBreport2016' on page 1 undefined on input line 7.


LaTeX Warning: Citation `WBreport2018' on page 1 undefined on input line 7.


LaTeX Warning: Citation `arvis2023' on page 1 undefined on input line 7.


LaTeX Warning: Citation `civelek2015' on page 1 undefined on input line 7.


LaTeX Warning: Citation `beysenbaev2020' on page 1 undefined on input line 7.


LaTeX Warning: Citation `polat2023' on page 1 undefined on input line 7.

) [1
Non-PDF special ignored!
<special> papersize=597.50787pt,845.04684pt

{/Users/diogoribeiro/Library/Application Support/MiKTeX/texmfs/data/fonts/map/pdftex/pdftex.map}]

LaTeX Warning: Citation `worldbank2024' on page 2 undefined on input line 50.


LaTeX Warning: Citation `WBreport2016' on page 2 undefined on input line 51.


LaTeX Warning: Citation `WBreport2018' on page 2 undefined on input line 51.


LaTeX Warning: Citation `correiaICIE' on page 2 undefined on input line 65.


LaTeX Warning: Citation `correiaICIE' on page 2 undefined on input line 72.


LaTeX Warning: Reference `tab:kmo' on page 2 undefined on input line 77.

[2]

LaTeX Warning: Reference `tab:kmo' on page 3 undefined on input line 116.


LaTeX Warning: Citation `carroll1978' on page 3 undefined on input line 124.


LaTeX Warning: Reference `tab:loadings' on page 3 undefined on input line 124.


LaTeX Warning: Reference `fig:PCAl' on page 3 undefined on input line 127.

<Loadings.png, id=18, 553.851pt x 268.713pt>
File: Loadings.png Graphic file (type png)
<use Loadings.png>
Package pdftex.def Info: Loadings.png  used on input line 131.
(pdftex.def)             Requested size: 318.66946pt x 154.60718pt.

LaTeX Warning: Citation `pestana2008analise' on page 3 undefined on input line 170.

[3 <./Loadings.png>]

LaTeX Warning: Citation `jarmund2022alasca' on page 4 undefined on input line 182.


LaTeX Warning: Citation `ranalli2017model' on page 4 undefined on input line 182.

(Abstract_ICMASC.bbl

Abstract_ICMASC.bbl:12: Package inputenc Error: Keyboard character used is undefined
(inputenc)                in inputencoding `latin1'.

See the inputenc package documentation for explanation.
Type  H <return>  for immediate help.
 ...                                              
                                                  
l.12 ...e logistics in the global economy ^^e2^^80
                                                  ^^93
You need to provide a definition with \DeclareInputText 
or \DeclareInputMath before using this key.


Abstract_ICMASC.bbl:12: Package inputenc Error: Keyboard character used is undefined
(inputenc)                in inputencoding `latin1'.

See the inputenc package documentation for explanation.
Type  H <return>  for immediate help.
 ...                                              
                                                  
l.12 ...gistics in the global economy ^^e2^^80^^93
                                                  
You need to provide a definition with \DeclareInputText 
or \DeclareInputMath before using this key.


Abstract_ICMASC.bbl:19: Package inputenc Error: Keyboard character used is undefined
(inputenc)                in inputencoding `latin1'.

See the inputenc package documentation for explanation.
Type  H <return>  for immediate help.
 ...                                              
                                                  
l.19   Economy ^^e2^^80
                       ^^93 The Logistics Performance Index and Its Indicato...
You need to provide a definition with \DeclareInputText 
or \DeclareInputMath before using this key.


Abstract_ICMASC.bbl:19: Package inputenc Error: Keyboard character used is undefined
(inputenc)                in inputencoding `latin1'.

See the inputenc package documentation for explanation.
Type  H <return>  for immediate help.
 ...                                              
                                                  
l.19   Economy ^^e2^^80^^93
                            The Logistics Performance Index and Its Indicato...
You need to provide a definition with \DeclareInputText 
or \DeclareInputMath before using this key.


Abstract_ICMASC.bbl:24: Package inputenc Error: Keyboard character used is undefined
(inputenc)                in inputencoding `latin1'.

See the inputenc package documentation for explanation.
Type  H <return>  for immediate help.
 ...                                              
                                                  
l.24 ...e logistics in the global economy ^^e2^^80
                                                  ^^93
You need to provide a definition with \DeclareInputText 
or \DeclareInputMath before using this key.


Abstract_ICMASC.bbl:24: Package inputenc Error: Keyboard character used is undefined
(inputenc)                in inputencoding `latin1'.

See the inputenc package documentation for explanation.
Type  H <return>  for immediate help.
 ...                                              
                                                  
l.24 ...gistics in the global economy ^^e2^^80^^93
                                                  
You need to provide a definition with \DeclareInputText 
or \DeclareInputMath before using this key.

[4]
Abstract_ICMASC.bbl:56: Undefined control sequence.
l.56   \url
           {https://www.weforum.org/reports/the-global-enabling-trade-report...
The control sequence at the end of the top line
of your error message was never \def'ed. If you have
misspelled it (e.g., `\hobx'), type `I' and the correct
spelling (e.g., `I\hbox'). Otherwise just continue,
and I'll forget about whatever was undefined.


Underfull \hbox (badness 10000) in paragraph at lines 53--58
[]\OT1/cmr/m/n/10.95 World Eco-nomic Fo-rum.  The global en-abling trade re-port 2018.
 []

Abstract_ICMASC.bbl:63: Undefined control sequence.
l.63   \url
           {https://www3.weforum.org/docs/WEF_TheGlobalCompetitivenessReport...
The control sequence at the end of the top line
of your error message was never \def'ed. If you have
misspelled it (e.g., `\hobx'), type `I' and the correct
spelling (e.g., `I\hbox'). Otherwise just continue,
and I'll forget about whatever was undefined.

Abstract_ICMASC.bbl:63: Missing $ inserted.
<inserted text> 
                $
l.63   \url{https://www3.weforum.org/docs/WEF_
                                              TheGlobalCompetitivenessReport...
I've inserted a begin-math/end-math symbol since I think
you left one out. Proceed, with fingers crossed.

Abstract_ICMASC.bbl:63: Extra }, or forgotten $.
l.63 ...EF_TheGlobalCompetitivenessReport2020.pdf}
                                                  ,
I've deleted a group-closing symbol because it seems to be
spurious, as in `$x}$'. But perhaps the } is legitimate and
you forgot something else, as in `\hbox{$x}'. In such cases
the way to recover is to insert both the forgotten and the
deleted material, e.g., by typing `I$}'.

Abstract_ICMASC.bbl:65: Missing $ inserted.
<inserted text> 
                $
l.65 
     
I've inserted a begin-math/end-math symbol since I think
you left one out. Proceed, with fingers crossed.

Abstract_ICMASC.bbl:65: Missing } inserted.
<inserted text> 
                }
l.65 
     
I've inserted something that you may have forgotten.
(See the <inserted text> above.)
With luck, this will get me unwedged. But if you
really didn't forget anything, try typing `2' now; then
my insertion and my current dilemma will both disappear.


Underfull \hbox (badness 10000) in paragraph at lines 60--65
[]\OT1/cmr/m/n/10.95 World Eco-nomic Fo-rum.  The global com-pet-i-tive-ness re-port 2020.
 []

Abstract_ICMASC.bbl:75: Undefined control sequence.
l.75 \newblock \url
                   {https://unctad.org/webflyer/review-maritime-transport-20...
The control sequence at the end of the top line
of your error message was never \def'ed. If you have
misspelled it (e.g., `\hobx'), type `I' and the correct
spelling (e.g., `I\hbox'). Otherwise just continue,
and I'll forget about whatever was undefined.


Abstract_ICMASC.bbl:94: Package inputenc Error: Keyboard character used is undefined
(inputenc)                in inputencoding `latin1'.

See the inputenc package documentation for explanation.
Type  H <return>  for immediate help.
 ...                                              
                                                  
l.94   the world bank^^e2^^80
                             ^^99s logistics performance index.
You need to provide a definition with \DeclareInputText 
or \DeclareInputMath before using this key.


Abstract_ICMASC.bbl:94: Package inputenc Error: Keyboard character used is undefined
(inputenc)                in inputencoding `latin1'.

See the inputenc package documentation for explanation.
Type  H <return>  for immediate help.
 ...                                              
                                                  
l.94   the world bank^^e2^^80^^99
                                 s logistics performance index.
You need to provide a definition with \DeclareInputText 
or \DeclareInputMath before using this key.

Abstract_ICMASC.bbl:101: Undefined control sequence.
l.101 \newblock \url
                    {https://lpi.worldbank.org/international/global}, 2024.
The control sequence at the end of the top line
of your error message was never \def'ed. If you have
misspelled it (e.g., `\hobx'), type `I' and the correct
spelling (e.g., `I\hbox'). Otherwise just continue,
and I'll forget about whatever was undefined.


Underfull \hbox (badness 10000) in paragraph at lines 99--103
[]\OT1/cmr/m/n/10.95 World Bank.  Lo-gis-tics per-for-mance in-dex home-page.
 []

) [5] (Abstract_ICMASC.aux)
 ***********
LaTeX2e <2023-06-01> patch level 1
L3 programming layer <2023-10-10>
 ***********


LaTeX Warning: There were undefined references.


LaTeX Warning: Label(s) may have changed. Rerun to get cross-references right.

 ) 
Here is how much of TeX's memory you used:
 3216 strings out of 474824
 50211 string characters out of 5739209
 1938040 words of memory out of 5000000
 25119 multiletter control sequences out of 15000+600000
 569552 words of font info for 80 fonts, out of 8000000 for 9000
 1141 hyphenation exceptions out of 8191
 72i,9n,79p,1119b,282s stack positions out of 10000i,1000n,20000p,200000b,200000s
 </Users/diogoribeiro/Library/Application Support/MiKTeX/texmfs/data/fonts/pk/ljfour/jknappen/ec/dpi600/tcrm1095.pk></Users/diogoribeiro/Library/Application Support/MiKTeX/texmfs/install/fonts/type1/public/amsfonts/cm/cmbx10.pfb></Users/diogoribeiro/Library/Application Support/MiKTeX/texmfs/install/fonts/type1/public/amsfonts/cm/cmbx12.pfb></Users/diogoribeiro/Library/Application Support/MiKTeX/texmfs/install/fonts/type1/public/amsfonts/cm/cmbx9.pfb></Users/diogoribeiro/Library/Application Support/MiKTeX/texmfs/install/fonts/type1/public/amsfonts/cm/cmmi10.pfb></Users/diogoribeiro/Library/Application Support/MiKTeX/texmfs/install/fonts/type1/public/amsfonts/cm/cmmi8.pfb></Users/diogoribeiro/Library/Application Support/MiKTeX/texmfs/install/fonts/type1/public/amsfonts/cm/cmr10.pfb></Users/diogoribeiro/Library/Application Support/MiKTeX/texmfs/install/fonts/type1/public/amsfonts/cm/cmr6.pfb></Users/diogoribeiro/Library/Application Support/MiKTeX/texmfs/install/fonts/type1/public/amsfonts/cm/cmr8.pfb></Users/diogoribeiro/Library/Application Support/MiKTeX/texmfs/install/fonts/type1/public/amsfonts/cm/cmssbx10.pfb></Users/diogoribeiro/Library/Application Support/MiKTeX/texmfs/install/fonts/type1/public/amsfonts/cm/cmti10.pfb></Users/diogoribeiro/Library/Application Support/MiKTeX/texmfs/install/fonts/type1/public/amsfonts/cm/cmtt10.pfb></Users/diogoribeiro/Library/Application Support/MiKTeX/texmfs/install/fonts/type1/public/amsfonts/symbols/msbm10.pfb>
Output written on Abstract_ICMASC.pdf (5 pages, 283737 bytes).
PDF statistics:
 88 PDF objects out of 1000 (max. 8388607)
 0 named destinations out of 1000 (max. 500000)
 6 words of extra memory for PDF output out of 10000 (max. 10000000)

