This is pdfTeX, Version 3.141592653-2.6-1.40.24 (MiKTeX 22.1) (preloaded format=pdflatex 2023.11.13)  31 MAY 2024 10:12
entering extended mode
 restricted \write18 enabled.
 file:line:error style messages enabled.
 %&-line parsing enabled.
**/Users/diogoribeiro/work_code/personal/international_logistics_performance/new_latex/conference_101719.tex
(/Users/diogoribeiro/work_code/personal/international_logistics_performance/new_latex/conference_101719.tex
LaTeX2e <2023-06-01> patch level 1
L3 programming layer <2023-10-10>
(IEEEtran.cls
Document Class: IEEEtran 2015/08/26 V1.8b by Michael Shell
-- See the "IEEEtran_HOWTO" manual for usage information.
-- http://www.michaelshell.org/tex/ieeetran/
\@IEEEtrantmpdimenA=\dimen140
\@IEEEtrantmpdimenB=\dimen141
\@IEEEtrantmpdimenC=\dimen142
\@IEEEtrantmpcountA=\count185
\@IEEEtrantmpcountB=\count186
\@IEEEtrantmpcountC=\count187
\@IEEEtrantmptoksA=\toks17
LaTeX Font Info:    Trying to load font information for OT1+ptm on input line 503.
(/Users/diogoribeiro/Library/Application Support/MiKTeX/texmfs/install/tex/latex/psnfss/ot1ptm.fd
File: ot1ptm.fd 2001/06/04 font definitions for OT1/ptm.
)
-- Using 8.5in x 11in (letter) paper.
-- Using PDF output.
\@IEEEnormalsizeunitybaselineskip=\dimen143
-- This is a 10 point document.
\CLASSINFOnormalsizebaselineskip=\dimen144
\CLASSINFOnormalsizeunitybaselineskip=\dimen145
\IEEEnormaljot=\dimen146
LaTeX Font Info:    Font shape `OT1/ptm/bx/n' in size <5> not available
(Font)              Font shape `OT1/ptm/b/n' tried instead on input line 1090.
LaTeX Font Info:    Font shape `OT1/ptm/bx/it' in size <5> not available
(Font)              Font shape `OT1/ptm/b/it' tried instead on input line 1090.
LaTeX Font Info:    Font shape `OT1/ptm/bx/n' in size <7> not available
(Font)              Font shape `OT1/ptm/b/n' tried instead on input line 1090.
LaTeX Font Info:    Font shape `OT1/ptm/bx/it' in size <7> not available
(Font)              Font shape `OT1/ptm/b/it' tried instead on input line 1090.
LaTeX Font Info:    Font shape `OT1/ptm/bx/n' in size <8> not available
(Font)              Font shape `OT1/ptm/b/n' tried instead on input line 1090.
LaTeX Font Info:    Font shape `OT1/ptm/bx/it' in size <8> not available
(Font)              Font shape `OT1/ptm/b/it' tried instead on input line 1090.
LaTeX Font Info:    Font shape `OT1/ptm/bx/n' in size <9> not available
(Font)              Font shape `OT1/ptm/b/n' tried instead on input line 1090.
LaTeX Font Info:    Font shape `OT1/ptm/bx/it' in size <9> not available
(Font)              Font shape `OT1/ptm/b/it' tried instead on input line 1090.
LaTeX Font Info:    Font shape `OT1/ptm/bx/n' in size <10> not available
(Font)              Font shape `OT1/ptm/b/n' tried instead on input line 1090.
LaTeX Font Info:    Font shape `OT1/ptm/bx/it' in size <10> not available
(Font)              Font shape `OT1/ptm/b/it' tried instead on input line 1090.
LaTeX Font Info:    Font shape `OT1/ptm/bx/n' in size <11> not available
(Font)              Font shape `OT1/ptm/b/n' tried instead on input line 1090.
LaTeX Font Info:    Font shape `OT1/ptm/bx/it' in size <11> not available
(Font)              Font shape `OT1/ptm/b/it' tried instead on input line 1090.
LaTeX Font Info:    Font shape `OT1/ptm/bx/n' in size <12> not available
(Font)              Font shape `OT1/ptm/b/n' tried instead on input line 1090.
LaTeX Font Info:    Font shape `OT1/ptm/bx/it' in size <12> not available
(Font)              Font shape `OT1/ptm/b/it' tried instead on input line 1090.
LaTeX Font Info:    Font shape `OT1/ptm/bx/n' in size <17> not available
(Font)              Font shape `OT1/ptm/b/n' tried instead on input line 1090.
LaTeX Font Info:    Font shape `OT1/ptm/bx/it' in size <17> not available
(Font)              Font shape `OT1/ptm/b/it' tried instead on input line 1090.
LaTeX Font Info:    Font shape `OT1/ptm/bx/n' in size <20> not available
(Font)              Font shape `OT1/ptm/b/n' tried instead on input line 1090.
LaTeX Font Info:    Font shape `OT1/ptm/bx/it' in size <20> not available
(Font)              Font shape `OT1/ptm/b/it' tried instead on input line 1090.
LaTeX Font Info:    Font shape `OT1/ptm/bx/n' in size <24> not available
(Font)              Font shape `OT1/ptm/b/n' tried instead on input line 1090.
LaTeX Font Info:    Font shape `OT1/ptm/bx/it' in size <24> not available
(Font)              Font shape `OT1/ptm/b/it' tried instead on input line 1090.
\IEEEquantizedlength=\dimen147
\IEEEquantizedlengthdiff=\dimen148
\IEEEquantizedtextheightdiff=\dimen149
\IEEEilabelindentA=\dimen150
\IEEEilabelindentB=\dimen151
\IEEEilabelindent=\dimen152
\IEEEelabelindent=\dimen153
\IEEEdlabelindent=\dimen154
\IEEElabelindent=\dimen155
\IEEEiednormlabelsep=\dimen156
\IEEEiedmathlabelsep=\dimen157
\IEEEiedtopsep=\skip48
\c@section=\count188
\c@subsection=\count189
\c@subsubsection=\count190
\c@paragraph=\count191
\c@IEEEsubequation=\count192
\abovecaptionskip=\skip49
\belowcaptionskip=\skip50
\c@figure=\count193
\c@table=\count194
\@IEEEeqnnumcols=\count195
\@IEEEeqncolcnt=\count196
\@IEEEsubeqnnumrollback=\count197
\@IEEEquantizeheightA=\dimen158
\@IEEEquantizeheightB=\dimen159
\@IEEEquantizeheightC=\dimen160
\@IEEEquantizeprevdepth=\dimen161
\@IEEEquantizemultiple=\count198
\@IEEEquantizeboxA=\box51
\@IEEEtmpitemindent=\dimen162
\IEEEPARstartletwidth=\dimen163
\c@IEEEbiography=\count199
\@IEEEtranrubishbin=\box52
)
** ATTENTION: Overriding command lockouts (line 2).
(/Users/diogoribeiro/Library/Application Support/MiKTeX/texmfs/install/tex/latex/cite/cite.sty
LaTeX Info: Redefining \cite on input line 302.
LaTeX Info: Redefining \nocite on input line 332.
Package: cite 2015/02/27  v 5.5
) (/Users/diogoribeiro/Library/Application Support/MiKTeX/texmfs/install/tex/latex/amsmath/amsmath.sty
Package: amsmath 2023/05/13 v2.17o AMS math features
\@mathmargin=\skip51

For additional information on amsmath, use the `?' option.
(/Users/diogoribeiro/Library/Application Support/MiKTeX/texmfs/install/tex/latex/amsmath/amstext.sty
Package: amstext 2021/08/26 v2.01 AMS text
 (/Users/diogoribeiro/Library/Application Support/MiKTeX/texmfs/install/tex/latex/amsmath/amsgen.sty
File: amsgen.sty 1999/11/30 v2.0 generic functions
\@emptytoks=\toks18
\ex@=\dimen164
)) (/Users/diogoribeiro/Library/Application Support/MiKTeX/texmfs/install/tex/latex/amsmath/amsbsy.sty
Package: amsbsy 1999/11/29 v1.2d Bold Symbols
\pmbraise@=\dimen165
) (/Users/diogoribeiro/Library/Application Support/MiKTeX/texmfs/install/tex/latex/amsmath/amsopn.sty
Package: amsopn 2022/04/08 v2.04 operator names
)
\inf@bad=\count266
LaTeX Info: Redefining \frac on input line 234.
\uproot@=\count267
\leftroot@=\count268
LaTeX Info: Redefining \overline on input line 399.
LaTeX Info: Redefining \colon on input line 410.
\classnum@=\count269
\DOTSCASE@=\count270
LaTeX Info: Redefining \ldots on input line 496.
LaTeX Info: Redefining \dots on input line 499.
LaTeX Info: Redefining \cdots on input line 620.
\Mathstrutbox@=\box53
\strutbox@=\box54
LaTeX Info: Redefining \big on input line 722.
LaTeX Info: Redefining \Big on input line 723.
LaTeX Info: Redefining \bigg on input line 724.
LaTeX Info: Redefining \Bigg on input line 725.
\big@size=\dimen166
LaTeX Font Info:    Redeclaring font encoding OML on input line 743.
LaTeX Font Info:    Redeclaring font encoding OMS on input line 744.
\macc@depth=\count271
LaTeX Info: Redefining \bmod on input line 905.
LaTeX Info: Redefining \pmod on input line 910.
LaTeX Info: Redefining \smash on input line 940.
LaTeX Info: Redefining \relbar on input line 970.
LaTeX Info: Redefining \Relbar on input line 971.
\c@MaxMatrixCols=\count272
\dotsspace@=\muskip16
\c@parentequation=\count273
\dspbrk@lvl=\count274
\tag@help=\toks19
\row@=\count275
\column@=\count276
\maxfields@=\count277
\andhelp@=\toks20
\eqnshift@=\dimen167
\alignsep@=\dimen168
\tagshift@=\dimen169
\tagwidth@=\dimen170
\totwidth@=\dimen171
\lineht@=\dimen172
\@envbody=\toks21
\multlinegap=\skip52
\multlinetaggap=\skip53
\mathdisplay@stack=\toks22
LaTeX Info: Redefining \[ on input line 2953.
LaTeX Info: Redefining \] on input line 2954.
) (/Users/diogoribeiro/Library/Application Support/MiKTeX/texmfs/install/tex/latex/amsfonts/amssymb.sty
Package: amssymb 2013/01/14 v3.01 AMS font symbols
 (/Users/diogoribeiro/Library/Application Support/MiKTeX/texmfs/install/tex/latex/amsfonts/amsfonts.sty
Package: amsfonts 2013/01/14 v3.01 Basic AMSFonts support
\symAMSa=\mathgroup4
\symAMSb=\mathgroup5
LaTeX Font Info:    Redeclaring math symbol \hbar on input line 98.
LaTeX Font Info:    Overwriting math alphabet `\mathfrak' in version `bold'
(Font)                  U/euf/m/n --> U/euf/b/n on input line 106.
)) (/Users/diogoribeiro/Library/Application Support/MiKTeX/texmfs/install/tex/latex/algorithms/algorithmic.sty
Package: algorithmic 2009/08/24 v0.1 Document Style `algorithmic'
 (/Users/diogoribeiro/Library/Application Support/MiKTeX/texmfs/install/tex/latex/base/ifthen.sty
Package: ifthen 2022/04/13 v1.1d Standard LaTeX ifthen package (DPC)
) (/Users/diogoribeiro/Library/Application Support/MiKTeX/texmfs/install/tex/latex/graphics/keyval.sty
Package: keyval 2022/05/29 v1.15 key=value parser (DPC)
\KV@toks@=\toks23
)
\c@ALC@unique=\count278
\c@ALC@line=\count279
\c@ALC@rem=\count280
\c@ALC@depth=\count281
\ALC@tlm=\skip54
\algorithmicindent=\skip55
) (/Users/diogoribeiro/Library/Application Support/MiKTeX/texmfs/install/tex/latex/graphics/graphicx.sty
Package: graphicx 2021/09/16 v1.2d Enhanced LaTeX Graphics (DPC,SPQR)
 (/Users/diogoribeiro/Library/Application Support/MiKTeX/texmfs/install/tex/latex/graphics/graphics.sty
Package: graphics 2022/03/10 v1.4e Standard LaTeX Graphics (DPC,SPQR)
 (/Users/diogoribeiro/Library/Application Support/MiKTeX/texmfs/install/tex/latex/graphics/trig.sty
Package: trig 2021/08/11 v1.11 sin cos tan (DPC)
) (/Users/diogoribeiro/Library/Application Support/MiKTeX/texmfs/install/tex/latex/graphics-cfg/graphics.cfg
File: graphics.cfg 2016/06/04 v1.11 sample graphics configuration
)
Package graphics Info: Driver file: pdftex.def on input line 107.
 (/Users/diogoribeiro/Library/Application Support/MiKTeX/texmfs/install/tex/latex/graphics-def/pdftex.def
File: pdftex.def 2022/09/22 v1.2b Graphics/color driver for pdftex
))
\Gin@req@height=\dimen173
\Gin@req@width=\dimen174
) (/Users/diogoribeiro/Library/Application Support/MiKTeX/texmfs/install/tex/latex/base/textcomp.sty
Package: textcomp 2020/02/02 v2.0n Standard LaTeX package
) (/Users/diogoribeiro/Library/Application Support/MiKTeX/texmfs/install/tex/latex/xcolor/xcolor.sty
Package: xcolor 2022/06/12 v2.14 LaTeX color extensions (UK)
 (/Users/diogoribeiro/Library/Application Support/MiKTeX/texmfs/install/tex/latex/graphics-cfg/color.cfg
File: color.cfg 2016/01/02 v1.6 sample color configuration
)
Package xcolor Info: Driver file: pdftex.def on input line 227.
 (/Users/diogoribeiro/Library/Application Support/MiKTeX/texmfs/install/tex/latex/graphics/mathcolor.ltx)
Package xcolor Info: Model `cmy' substituted by `cmy0' on input line 1353.
Package xcolor Info: Model `hsb' substituted by `rgb' on input line 1357.
Package xcolor Info: Model `RGB' extended on input line 1369.
Package xcolor Info: Model `HTML' substituted by `rgb' on input line 1371.
Package xcolor Info: Model `Hsb' substituted by `hsb' on input line 1372.
Package xcolor Info: Model `tHsb' substituted by `hsb' on input line 1373.
Package xcolor Info: Model `HSB' substituted by `hsb' on input line 1374.
Package xcolor Info: Model `Gray' substituted by `gray' on input line 1375.
Package xcolor Info: Model `wave' substituted by `hsb' on input line 1376.
) (/Users/diogoribeiro/Library/Application Support/MiKTeX/texmfs/install/tex/latex/float/float.sty
Package: float 2001/11/08 v1.3d Float enhancements (AL)
\c@float@type=\count282
\float@exts=\toks24
\float@box=\box55
\@float@everytoks=\toks25
\@floatcapt=\box56
) (/Users/diogoribeiro/Library/Application Support/MiKTeX/texmfs/install/tex/latex/l3backend/l3backend-pdftex.def
File: l3backend-pdftex.def 2023-10-10 L3 backend support: PDF output (pdfTeX)
\l__color_backend_stack_int=\count283
\l__pdf_internal_box=\box57
)
No file conference_101719.aux.
\openout1 = `conference_101719.aux'.

LaTeX Font Info:    Checking defaults for OML/cmm/m/it on input line 13.
LaTeX Font Info:    ... okay on input line 13.
LaTeX Font Info:    Checking defaults for OMS/cmsy/m/n on input line 13.
LaTeX Font Info:    ... okay on input line 13.
LaTeX Font Info:    Checking defaults for OT1/cmr/m/n on input line 13.
LaTeX Font Info:    ... okay on input line 13.
LaTeX Font Info:    Checking defaults for T1/cmr/m/n on input line 13.
LaTeX Font Info:    ... okay on input line 13.
LaTeX Font Info:    Checking defaults for TS1/cmr/m/n on input line 13.
LaTeX Font Info:    ... okay on input line 13.
LaTeX Font Info:    Checking defaults for OMX/cmex/m/n on input line 13.
LaTeX Font Info:    ... okay on input line 13.
LaTeX Font Info:    Checking defaults for U/cmr/m/n on input line 13.
LaTeX Font Info:    ... okay on input line 13.
-- Lines per column: 56 (exact).
(/Users/diogoribeiro/Library/Application Support/MiKTeX/texmfs/install/tex/context/base/mkii/supp-pdf.mkii
[Loading MPS to PDF converter (version 2006.09.02).]
\scratchcounter=\count284
\scratchdimen=\dimen175
\scratchbox=\box58
\nofMPsegments=\count285
\nofMParguments=\count286
\everyMPshowfont=\toks26
\MPscratchCnt=\count287
\MPscratchDim=\dimen176
\MPnumerator=\count288
\makeMPintoPDFobject=\count289
\everyMPtoPDFconversion=\toks27
) (/Users/diogoribeiro/Library/Application Support/MiKTeX/texmfs/install/tex/latex/epstopdf-pkg/epstopdf-base.sty
Package: epstopdf-base 2020-01-24 v2.11 Base part for package epstopdf
Package epstopdf-base Info: Redefining graphics rule for `.eps' on input line 485.
 (/Users/diogoribeiro/Library/Application Support/MiKTeX/texmfs/install/tex/latex/00miktex/epstopdf-sys.cfg
File: epstopdf-sys.cfg 2021/03/18 v2.0 Configuration of epstopdf for MiKTeX
))

LaTeX Warning: Citation `beysenbaev2020' on page 1 undefined on input line 50.


LaTeX Warning: Citation `wef2020' on page 1 undefined on input line 50.


LaTeX Warning: Citation `wef2018' on page 1 undefined on input line 50.


LaTeX Warning: Citation `unctad2020' on page 1 undefined on input line 50.


LaTeX Warning: Citation `babayigit2023' on page 1 undefined on input line 50.


LaTeX Warning: Citation `shepherd2023' on page 1 undefined on input line 50.


LaTeX Warning: Citation `arvis2016' on page 1 undefined on input line 54.


LaTeX Warning: Citation `arvis2018' on page 1 undefined on input line 54.


LaTeX Warning: Citation `arvis2023' on page 1 undefined on input line 54.


LaTeX Warning: Citation `civelek2015' on page 1 undefined on input line 54.


LaTeX Warning: Citation `beysenbaev2020' on page 1 undefined on input line 54.


LaTeX Warning: Citation `polat2023' on page 1 undefined on input line 54.


LaTeX Warning: Citation `babayigit2023' on page 1 undefined on input line 56.


LaTeX Warning: Citation `beysenbaev2020' on page 1 undefined on input line 56.


LaTeX Warning: Citation `marti2014' on page 1 undefined on input line 56.


LaTeX Warning: Citation `WBreport2018' on page 1 undefined on input line 56.


LaTeX Warning: Citation `rezaei2018' on page 1 undefined on input line 59.


LaTeX Warning: Citation `sharif2024' on page 1 undefined on input line 59.


LaTeX Warning: Citation `worldbank4' on page 1 undefined on input line 59.


LaTeX Warning: Citation `arvis2016' on page 1 undefined on input line 59.


LaTeX Warning: Citation `arvis2018' on page 1 undefined on input line 59.


LaTeX Warning: Citation `arvis2023' on page 1 undefined on input line 59.


LaTeX Warning: Citation `worldbank5' on page 1 undefined on input line 59.

[1{/Users/diogoribeiro/Library/Application Support/MiKTeX/texmfs/data/fonts/map/pdftex/pdftex.map}


]

LaTeX Warning: Citation `jolliffe2016principal' on page 2 undefined on input line 71.


LaTeX Warning: Citation `monahan2000nonlinear' on page 2 undefined on input line 71.


LaTeX Warning: Citation `takane2001constrained' on page 2 undefined on input line 71.


LaTeX Warning: Citation `maroco2018' on page 2 undefined on input line 71.


LaTeX Warning: Citation `watkins2018' on page 2 undefined on input line 71.


LaTeX Warning: Citation `wang2003feature' on page 2 undefined on input line 75.


LaTeX Warning: Citation `wu2007feature' on page 2 undefined on input line 75.


LaTeX Warning: Citation `correiaICIE' on page 2 undefined on input line 75.


LaTeX Warning: Citation `hasan2021review' on page 2 undefined on input line 75.


LaTeX Warning: Citation `ivosev2008dimensionality' on page 2 undefined on input line 75.


LaTeX Warning: Citation `bro2014principal' on page 2 undefined on input line 75.


LaTeX Warning: Citation `wold1987principal' on page 2 undefined on input line 77.

LaTeX Font Info:    Trying to load font information for U+msa on input line 80.
(/Users/diogoribeiro/Library/Application Support/MiKTeX/texmfs/install/tex/latex/amsfonts/umsa.fd
File: umsa.fd 2013/01/14 v3.01 AMS symbols A
)
LaTeX Font Info:    Trying to load font information for U+msb on input line 80.
 (/Users/diogoribeiro/Library/Application Support/MiKTeX/texmfs/install/tex/latex/amsfonts/umsb.fd
File: umsb.fd 2013/01/14 v3.01 AMS symbols B
)

LaTeX Warning: Citation `shlens2014tutorial' on page 2 undefined on input line 95.


LaTeX Warning: Citation `ivosev2008dimensionality' on page 2 undefined on input line 103.


LaTeX Warning: Citation `wang2003feature' on page 2 undefined on input line 107.


LaTeX Warning: Citation `wu2007feature' on page 2 undefined on input line 109.


Underfull \hbox (badness 1521) in paragraph at lines 109--110
[]\OT1/ptm/m/n/10 PCA is par-tic-u-larly valu-able in sce-nar-ios in-volv-ing
 []


LaTeX Warning: Citation `hasan2021review' on page 2 undefined on input line 110.


LaTeX Warning: Citation `ivosev2008dimensionality' on page 2 undefined on input line 111.


LaTeX Warning: Citation `wang2003feature' on page 2 undefined on input line 112.


LaTeX Warning: Citation `wu2007feature' on page 2 undefined on input line 113.


LaTeX Warning: Citation `bro2014principal' on page 2 undefined on input line 124.


LaTeX Warning: Citation `shlens2014tutorial' on page 2 undefined on input line 124.


LaTeX Warning: Citation `wold1987principal' on page 2 undefined on input line 124.


LaTeX Warning: Citation `candes2011robust' on page 2 undefined on input line 124.


LaTeX Warning: Citation `mckeown1998independent' on page 2 undefined on input line 124.

[2]

LaTeX Warning: Citation `bro2014principal' on page 3 undefined on input line 149.


LaTeX Warning: Citation `shlens2014tutorial' on page 3 undefined on input line 149.


LaTeX Warning: Citation `wold1987principal' on page 3 undefined on input line 149.


LaTeX Warning: Citation `candes2011robust' on page 3 undefined on input line 149.


LaTeX Warning: Citation `mckeown1998independent' on page 3 undefined on input line 149.


Underfull \vbox (badness 10000) has occurred while \output is active []

 [3]

LaTeX Warning: Citation `worldbank2024' on page 4 undefined on input line 174.


LaTeX Warning: Citation `WBreport2016' on page 4 undefined on input line 174.


LaTeX Warning: Citation `WBreport2018' on page 4 undefined on input line 174.


Underfull \hbox (badness 2495) in paragraph at lines 177--178
[]\OT1/ptm/b/n/10 Infrastructure \OT1/ptm/m/n/10 Qual-ity: The qual-ity of trade and
 []


LaTeX Warning: Citation `correiaICIE' on page 4 undefined on input line 187.


LaTeX Warning: Citation `JASP' on page 4 undefined on input line 187.


LaTeX Warning: Citation `R' on page 4 undefined on input line 189.


LaTeX Warning: Citation `lpi_worldbank_2023' on page 4 undefined on input line 191.


LaTeX Warning: Citation `correiaICIE' on page 4 undefined on input line 193.


LaTeX Warning: Reference `tab:kmo' on page 4 undefined on input line 197.


LaTeX Warning: `h' float specifier changed to `ht'.


LaTeX Warning: Citation `maroco2018analise' on page 4 undefined on input line 236.


LaTeX Warning: Citation `carroll1978effect' on page 4 undefined on input line 242.


LaTeX Warning: Reference `tab:loadings' on page 4 undefined on input line 242.


LaTeX Warning: Reference `tab:loadings' on page 4 undefined on input line 245.


LaTeX Warning: Reference `fig:PCAl' on page 4 undefined on input line 245.

<Loadings.jpg, id=22, 553.851pt x 268.713pt>
File: Loadings.jpg Graphic file (type jpg)
<use Loadings.jpg>
Package pdftex.def Info: Loadings.jpg  used on input line 249.
(pdftex.def)             Requested size: 361.19843pt x 175.2436pt.

LaTeX Warning: `h' float specifier changed to `ht'.

[4]

LaTeX Warning: Citation `jarmund2022alasca' on page 5 undefined on input line 299.


LaTeX Warning: Citation `ranalli2017model' on page 5 undefined on input line 299.


Underfull \vbox (badness 10000) has occurred while \output is active []

 [5 <./Loadings.jpg>] (conference_101719.bbl
conference_101719.bbl:10: Undefined control sequence.
l.10   \url
           {https://www3.weforum.org/docs/WEF_TheGlobalCompetitivenessReport...
The control sequence at the end of the top line
of your error message was never \def'ed. If you have
misspelled it (e.g., `\hobx'), type `I' and the correct
spelling (e.g., `I\hbox'). Otherwise just continue,
and I'll forget about whatever was undefined.

conference_101719.bbl:10: Missing $ inserted.
<inserted text> 
                $
l.10   \url{https://www3.weforum.org/docs/WEF_
                                              TheGlobalCompetitivenessReport...
I've inserted a begin-math/end-math symbol since I think
you left one out. Proceed, with fingers crossed.

conference_101719.bbl:10: Extra }, or forgotten $.
l.10 ...EF_TheGlobalCompetitivenessReport2020.pdf}
                                                  ,
I've deleted a group-closing symbol because it seems to be
spurious, as in `$x}$'. But perhaps the } is legitimate and
you forgot something else, as in `\hbox{$x}'. In such cases
the way to recover is to insert both the forgotten and the
deleted material, e.g., by typing `I$}'.

conference_101719.bbl:12: Missing $ inserted.
<inserted text> 
                $
l.12 
     
I've inserted a begin-math/end-math symbol since I think
you left one out. Proceed, with fingers crossed.

conference_101719.bbl:12: Missing } inserted.
<inserted text> 
                }
l.12 
     
I've inserted something that you may have forgotten.
(See the <inserted text> above.)
With luck, this will get me unwedged. But if you
really didn't forget anything, try typing `2' now; then
my insertion and my current dilemma will both disappear.


Underfull \hbox (badness 10000) in paragraph at lines 9--12
[]\OT1/ptm/m/n/8 W. E. Fo-rum, ``The global com-pet-i-tive-ness re-port 2020.''
 []


Overfull \hbox (72.01643pt too wide) in paragraph at lines 9--12
\OT1/ptm/m/n/8 https://www3.weforum.org/docs/WEF$[]\OML/cmm/m/it/8 heGlobalCompetitivenessReport\OT1/cmr/m/n/8 2020\OML/cmm/m/it/8 :pdf; \OT1/cmr/m/n/8 2020\OML/cmm/m/it/8 :[]$ 
 []

conference_101719.bbl:15: Undefined control sequence.
l.15   \url
           {https://www.weforum.org/reports/the-global-enabling-trade-report...
The control sequence at the end of the top line
of your error message was never \def'ed. If you have
misspelled it (e.g., `\hobx'), type `I' and the correct
spelling (e.g., `I\hbox'). Otherwise just continue,
and I'll forget about whatever was undefined.


Underfull \hbox (badness 10000) in paragraph at lines 14--17
[]\OT1/ptm/m/n/8 W. E. Fo-rum, ``The global en-abling trade re-port 2018.''
 []


Underfull \hbox (badness 10000) in paragraph at lines 14--17
\OT1/ptm/m/n/8 https://www.weforum.org/reports/the-global-enabling-trade-report-2018,
 []

conference_101719.bbl:20: Undefined control sequence.
l.20   \url
           {https://unctad.org/webflyer/review-maritime-transport-2020}, 2020.
The control sequence at the end of the top line
of your error message was never \def'ed. If you have
misspelled it (e.g., `\hobx'), type `I' and the correct
spelling (e.g., `I\hbox'). Otherwise just continue,
and I'll forget about whatever was undefined.


Underfull \hbox (badness 4505) in paragraph at lines 40--44
[]\OT1/ptm/m/n/8 J.-F. Arvis, L. Ojala, C. Wiederer, B. Shep-herd, A. Ra-jand,
 []

conference_101719.bbl:88: Undefined control sequence.
l.88   \url
           {http://lpi.worldbank.org/international/global/ranking}, 2023.
The control sequence at the end of the top line
of your error message was never \def'ed. If you have
misspelled it (e.g., `\hobx'), type `I' and the correct
spelling (e.g., `I\hbox'). Otherwise just continue,
and I'll forget about whatever was undefined.


Underfull \hbox (badness 10000) in paragraph at lines 87--89
[]\OT1/ptm/m/n/8 W. Bank, ``In-ter-na-tional lpi global rank-ing.''
 []

conference_101719.bbl:92: Undefined control sequence.
l.92   \url
           {http://lpi.worldbank.org/about}.
The control sequence at the end of the top line
of your error message was never \def'ed. If you have
misspelled it (e.g., `\hobx'), type `I' and the correct
spelling (e.g., `I\hbox'). Otherwise just continue,
and I'll forget about whatever was undefined.


Underfull \hbox (badness 10000) in paragraph at lines 91--93
[]\OT1/ptm/m/n/8 W. Bank, ``About | lo-gis-tics per-for-mance in-dex.''
 []

conference_101719.bbl:167: Undefined control sequence.
l.167   \url
            {https://lpi.worldbank.org/international/global}, 2024.
The control sequence at the end of the top line
of your error message was never \def'ed. If you have
misspelled it (e.g., `\hobx'), type `I' and the correct
spelling (e.g., `I\hbox'). Otherwise just continue,
and I'll forget about whatever was undefined.


Underfull \hbox (badness 10000) in paragraph at lines 166--169
[]\OT1/ptm/m/n/8 World Bank, ``Lo-gis-tics per-for-mance in-dex home-page.''
 []

conference_101719.bbl:178: Undefined control sequence.
l.178   \url
            {https://jasp-stats.org/}, last accessed 2024-01-30.
The control sequence at the end of the top line
of your error message was never \def'ed. If you have
misspelled it (e.g., `\hobx'), type `I' and the correct
spelling (e.g., `I\hbox'). Otherwise just continue,
and I'll forget about whatever was undefined.

conference_101719.bbl:181: Undefined control sequence.
l.181 ...project for statistical computing,'' \url
                                                  {https://www.r-project.org/},
The control sequence at the end of the top line
of your error message was never \def'ed. If you have
misspelled it (e.g., `\hobx'), type `I' and the correct
spelling (e.g., `I\hbox'). Otherwise just continue,
and I'll forget about whatever was undefined.

)

** Conference Paper **
Before submitting the final camera ready copy, remember to:

 1. Manually equalize the lengths of two columns on the last page
 of your paper;

 2. Ensure that any PostScript and/or PDF output post-processing
 uses only Type 1 fonts and that every step in the generation
 process uses the appropriate paper size.

[6] (conference_101719.aux)
 ***********
LaTeX2e <2023-06-01> patch level 1
L3 programming layer <2023-10-10>
 ***********


LaTeX Warning: There were undefined references.


LaTeX Warning: Label(s) may have changed. Rerun to get cross-references right.

 ) 
Here is how much of TeX's memory you used:
 4312 strings out of 474824
 69494 string characters out of 5739209
 1947040 words of memory out of 5000000
 26219 multiletter control sequences out of 15000+600000
 597309 words of font info for 109 fonts, out of 8000000 for 9000
 1141 hyphenation exceptions out of 8191
 57i,9n,65p,1122b,275s stack positions out of 10000i,1000n,20000p,200000b,200000s
{/Users/diogoribeiro/Library/Application Support/MiKTeX/texmfs/install/fonts/enc/dvips/base/8r.enc}</Users/diogoribeiro/Library/Application Support/MiKTeX/texmfs/install/fonts/type1/public/amsfonts/cm/cmex10.pfb></Users/diogoribeiro/Library/Application Support/MiKTeX/texmfs/install/fonts/type1/public/amsfonts/cm/cmmi10.pfb></Users/diogoribeiro/Library/Application Support/MiKTeX/texmfs/install/fonts/type1/public/amsfonts/cm/cmmi6.pfb></Users/diogoribeiro/Library/Application Support/MiKTeX/texmfs/install/fonts/type1/public/amsfonts/cm/cmmi7.pfb></Users/diogoribeiro/Library/Application Support/MiKTeX/texmfs/install/fonts/type1/public/amsfonts/cm/cmmi8.pfb></Users/diogoribeiro/Library/Application Support/MiKTeX/texmfs/install/fonts/type1/public/amsfonts/cm/cmr10.pfb></Users/diogoribeiro/Library/Application Support/MiKTeX/texmfs/install/fonts/type1/public/amsfonts/cm/cmr7.pfb></Users/diogoribeiro/Library/Application Support/MiKTeX/texmfs/install/fonts/type1/public/amsfonts/cm/cmr8.pfb></Users/diogoribeiro/Library/Application Support/MiKTeX/texmfs/install/fonts/type1/public/amsfonts/cm/cmsy10.pfb></Users/diogoribeiro/Library/Application Support/MiKTeX/texmfs/install/fonts/type1/public/amsfonts/cm/cmsy7.pfb></Users/diogoribeiro/Library/Application Support/MiKTeX/texmfs/install/fonts/type1/urw/times/utmb8a.pfb></Users/diogoribeiro/Library/Application Support/MiKTeX/texmfs/install/fonts/type1/urw/times/utmbi8a.pfb></Users/diogoribeiro/Library/Application Support/MiKTeX/texmfs/install/fonts/type1/urw/times/utmr8a.pfb></Users/diogoribeiro/Library/Application Support/MiKTeX/texmfs/install/fonts/type1/urw/times/utmri8a.pfb>
Output written on conference_101719.pdf (6 pages, 467177 bytes).
PDF statistics:
 93 PDF objects out of 1000 (max. 8388607)
 0 named destinations out of 1000 (max. 500000)
 6 words of extra memory for PDF output out of 10000 (max. 10000000)

